# JRE version: OpenJDK Runtime Environment (11.0.12+7) (build 11.0.12+7-b1504.28-7817840)
# Java VM: OpenJDK 64-Bit Server VM (11.0.12+7-b1504.28-7817840, mixed mode, tiered, compressed oops, g1 gc, windows-amd64)
Heap:
 garbage-first heap   total 451584K, used 287721K [0x0000000080000000, 0x0000000100000000)
  region size 1024K, 124 young (126976K), 2 survivors (2048K)
 Metaspace       used 170417K, capacity 176202K, committed 178048K, reserved 1204224K
  class space    used 20596K, capacity 22742K, committed 23168K, reserved 1048576K
GC Heap History (20 events):
Event: 15582.632 GC heap before
{Heap before GC invocations=234 (full 0):
 garbage-first heap   total 451584K, used 205824K [0x0000000080000000, 0x0000000100000000)
  region size 1024K, 22 young (22528K), 18 survivors (18432K)
 Metaspace       used 170161K, capacity 175898K, committed 178048K, reserved 1204224K
  class space    used 20593K, capacity 22737K, committed 23168K, reserved 1048576K
}
Event: 15582.715 GC heap after
{Heap after GC invocations=235 (full 0):
 garbage-first heap   total 451584K, used 184399K [0x0000000080000000, 0x0000000100000000)
  region size 1024K, 2 young (2048K), 2 survivors (2048K)
 Metaspace       used 170161K, capacity 175898K, committed 178048K, reserved 1204224K
  class space    used 20593K, capacity 22737K, committed 23168K, reserved 1048576K
}
Event: 15584.212 GC heap before
{Heap before GC invocations=235 (full 0):
 garbage-first heap   total 451584K, used 235599K [0x0000000080000000, 0x0000000100000000)
  region size 1024K, 53 young (54272K), 2 survivors (2048K)
 Metaspace       used 170444K, capacity 176197K, committed 178048K, reserved 1204224K
  class space    used 20615K, capacity 22775K, committed 23168K, reserved 1048576K
}
Event: 15584.262 GC heap after
{Heap after GC invocations=236 (full 0):
 garbage-first heap   total 451584K, used 190478K [0x0000000080000000, 0x0000000100000000)
  region size 1024K, 8 young (8192K), 8 survivors (8192K)
 Metaspace       used 170444K, capacity 176197K, committed 178048K, reserved 1204224K
  class space    used 20615K, capacity 22775K, committed 23168K, reserved 1048576K
}
Event: 16390.752 GC heap before
{Heap before GC invocations=237 (full 0):
 garbage-first heap   total 451584K, used 345102K [0x0000000080000000, 0x0000000100000000)
  region size 1024K, 149 young (152576K), 8 survivors (8192K)
 Metaspace       used 170213K, capacity 175895K, committed 178048K, reserved 1204224K
  class space    used 20592K, capacity 22735K, committed 23168K, reserved 1048576K
}
Event: 16390.801 GC heap after
{Heap after GC invocations=238 (full 0):
 garbage-first heap   total 451584K, used 188495K [0x0000000080000000, 0x0000000100000000)
  region size 1024K, 11 young (11264K), 11 survivors (11264K)
 Metaspace       used 170213K, capacity 175895K, committed 178048K, reserved 1204224K
  class space    used 20592K, capacity 22735K, committed 23168K, reserved 1048576K
}
Event: 16391.455 GC heap before
{Heap before GC invocations=238 (full 0):
 garbage-first heap   total 451584K, used 198735K [0x0000000080000000, 0x0000000100000000)
  region size 1024K, 22 young (22528K), 11 survivors (11264K)
 Metaspace       used 170221K, capacity 175895K, committed 178048K, reserved 1204224K
  class space    used 20592K, capacity 22735K, committed 23168K, reserved 1048576K
}
Event: 16391.499 GC heap after
{Heap after GC invocations=239 (full 0):
 garbage-first heap   total 451584K, used 168209K [0x0000000080000000, 0x0000000100000000)
  region size 1024K, 3 young (3072K), 3 survivors (3072K)
 Metaspace       used 170221K, capacity 175895K, committed 178048K, reserved 1204224K
  class space    used 20592K, capacity 22735K, committed 23168K, reserved 1048576K
}
Event: 16392.153 GC heap before
{Heap before GC invocations=239 (full 0):
 garbage-first heap   total 451584K, used 183569K [0x0000000080000000, 0x0000000100000000)
  region size 1024K, 19 young (19456K), 3 survivors (3072K)
 Metaspace       used 170228K, capacity 175895K, committed 178048K, reserved 1204224K
  class space    used 20592K, capacity 22735K, committed 23168K, reserved 1048576K
}
Event: 16392.186 GC heap after
{Heap after GC invocations=240 (full 0):
 garbage-first heap   total 451584K, used 169745K [0x0000000080000000, 0x0000000100000000)
  region size 1024K, 4 young (4096K), 4 survivors (4096K)
 Metaspace       used 170228K, capacity 175895K, committed 178048K, reserved 1204224K
  class space    used 20592K, capacity 22735K, committed 23168K, reserved 1048576K
}
Event: 16398.677 GC heap before
{Heap before GC invocations=241 (full 0):
 garbage-first heap   total 451584K, used 365329K [0x0000000080000000, 0x0000000100000000)
  region size 1024K, 170 young (174080K), 4 survivors (4096K)
 Metaspace       used 170012K, capacity 175764K, committed 178048K, reserved 1204224K
  class space    used 20573K, capacity 22702K, committed 23168K, reserved 1048576K
}
Event: 16398.714 GC heap after
{Heap after GC invocations=242 (full 0):
 garbage-first heap   total 451584K, used 173552K [0x0000000080000000, 0x0000000100000000)
  region size 1024K, 9 young (9216K), 9 survivors (9216K)
 Metaspace       used 170012K, capacity 175764K, committed 178048K, reserved 1204224K
  class space    used 20573K, capacity 22702K, committed 23168K, reserved 1048576K
}
Event: 16398.816 GC heap before
{Heap before GC invocations=242 (full 0):
 garbage-first heap   total 451584K, used 185840K [0x0000000080000000, 0x0000000100000000)
  region size 1024K, 22 young (22528K), 9 survivors (9216K)
 Metaspace       used 170012K, capacity 175764K, committed 178048K, reserved 1204224K
  class space    used 20573K, capacity 22702K, committed 23168K, reserved 1048576K
}
Event: 16398.864 GC heap after
{Heap after GC invocations=243 (full 0):
 garbage-first heap   total 451584K, used 163119K [0x0000000080000000, 0x0000000100000000)
  region size 1024K, 3 young (3072K), 3 survivors (3072K)
 Metaspace       used 170012K, capacity 175764K, committed 178048K, reserved 1204224K
  class space    used 20573K, capacity 22702K, committed 23168K, reserved 1048576K
}
Event: 16399.409 GC heap before
{Heap before GC invocations=243 (full 0):
 garbage-first heap   total 451584K, used 184623K [0x0000000080000000, 0x0000000100000000)
  region size 1024K, 25 young (25600K), 3 survivors (3072K)
 Metaspace       used 170022K, capacity 175834K, committed 178048K, reserved 1204224K
  class space    used 20574K, capacity 22704K, committed 23168K, reserved 1048576K
}
Event: 16399.443 GC heap after
{Heap after GC invocations=244 (full 0):
 garbage-first heap   total 451584K, used 162770K [0x0000000080000000, 0x0000000100000000)
  region size 1024K, 3 young (3072K), 3 survivors (3072K)
 Metaspace       used 170022K, capacity 175834K, committed 178048K, reserved 1204224K
  class space    used 20574K, capacity 22704K, committed 23168K, reserved 1048576K
}
Event: 16542.908 GC heap before
{Heap before GC invocations=245 (full 0):
 garbage-first heap   total 451584K, used 381906K [0x0000000080000000, 0x0000000100000000)
  region size 1024K, 181 young (185344K), 3 survivors (3072K)
 Metaspace       used 170382K, capacity 176202K, committed 178048K, reserved 1204224K
  class space    used 20596K, capacity 22742K, committed 23168K, reserved 1048576K
}
Event: 16542.961 GC heap after
{Heap after GC invocations=246 (full 0):
 garbage-first heap   total 451584K, used 169263K [0x0000000080000000, 0x0000000100000000)
  region size 1024K, 9 young (9216K), 9 survivors (9216K)
 Metaspace       used 170382K, capacity 176202K, committed 178048K, reserved 1204224K
  class space    used 20596K, capacity 22742K, committed 23168K, reserved 1048576K
}
Event: 16543.488 GC heap before
{Heap before GC invocations=246 (full 0):
 garbage-first heap   total 451584K, used 181551K [0x0000000080000000, 0x0000000100000000)
  region size 1024K, 22 young (22528K), 9 survivors (9216K)
 Metaspace       used 170392K, capacity 176202K, committed 178048K, reserved 1204224K
  class space    used 20596K, capacity 22742K, committed 23168K, reserved 1048576K
}
Event: 16543.522 GC heap after
{Heap after GC invocations=247 (full 0):
 garbage-first heap   total 451584K, used 164841K [0x0000000080000000, 0x0000000100000000)
  region size 1024K, 2 young (2048K), 2 survivors (2048K)
 Metaspace       used 170392K, capacity 176202K, committed 178048K, reserved 1204224K
  class space    used 20596K, capacity 22742K, committed 23168K, reserved 1048576K
}

